2015-04-03 05:41:59 Notice: Notice (8): Undefined variable: message in [/home/pickmeals/public_html/live/app/View/Errors/error404.ctp, line 1]
Trace:
include - APP/View/Errors/error404.ctp, line 1
View::_evaluate() - CORE/Cake/View/View.php, line 961
View::_render() - CORE/Cake/View/View.php, line 923
View::render() - CORE/Cake/View/View.php, line 473
Controller::render() - CORE/Cake/Controller/Controller.php, line 960
AppExceptionRenderer::notFound() - APP/Lib/Error/AppExceptionRenderer.php, line 25
AppExceptionRenderer::missingController() - APP/Lib/Error/AppExceptionRenderer.php, line 81
ExceptionRenderer::render() - CORE/Cake/Error/ExceptionRenderer.php, line 187
ErrorHandler::handleException() - CORE/Cake/Error/ErrorHandler.php, line 127
[main] - [internal], line ??

2015-04-03 05:41:59 Notice: Notice (8): Undefined variable: url in [/home/pickmeals/public_html/live/app/View/Errors/error404.ctp, line 6]
Trace:
include - APP/View/Errors/error404.ctp, line 6
View::_evaluate() - CORE/Cake/View/View.php, line 961
View::_render() - CORE/Cake/View/View.php, line 923
View::render() - CORE/Cake/View/View.php, line 473
Controller::render() - CORE/Cake/Controller/Controller.php, line 960
AppExceptionRenderer::notFound() - APP/Lib/Error/AppExceptionRenderer.php, line 25
AppExceptionRenderer::missingController() - APP/Lib/Error/AppExceptionRenderer.php, line 81
ExceptionRenderer::render() - CORE/Cake/Error/ExceptionRenderer.php, line 187
ErrorHandler::handleException() - CORE/Cake/Error/ErrorHandler.php, line 127
[main] - [internal], line ??

2015-04-03 05:42:10 Notice: Notice (8): Undefined variable: message in [/home/pickmeals/public_html/live/app/View/Errors/error404.ctp, line 1]
Trace:
include - APP/View/Errors/error404.ctp, line 1
View::_evaluate() - CORE/Cake/View/View.php, line 961
View::_render() - CORE/Cake/View/View.php, line 923
View::render() - CORE/Cake/View/View.php, line 473
Controller::render() - CORE/Cake/Controller/Controller.php, line 960
AppExceptionRenderer::notFound() - APP/Lib/Error/AppExceptionRenderer.php, line 25
AppExceptionRenderer::missingController() - APP/Lib/Error/AppExceptionRenderer.php, line 81
ExceptionRenderer::render() - CORE/Cake/Error/ExceptionRenderer.php, line 187
ErrorHandler::handleException() - CORE/Cake/Error/ErrorHandler.php, line 127
[main] - [internal], line ??

2015-04-03 05:42:10 Notice: Notice (8): Undefined variable: url in [/home/pickmeals/public_html/live/app/View/Errors/error404.ctp, line 6]
Trace:
include - APP/View/Errors/error404.ctp, line 6
View::_evaluate() - CORE/Cake/View/View.php, line 961
View::_render() - CORE/Cake/View/View.php, line 923
View::render() - CORE/Cake/View/View.php, line 473
Controller::render() - CORE/Cake/Controller/Controller.php, line 960
AppExceptionRenderer::notFound() - APP/Lib/Error/AppExceptionRenderer.php, line 25
AppExceptionRenderer::missingController() - APP/Lib/Error/AppExceptionRenderer.php, line 81
ExceptionRenderer::render() - CORE/Cake/Error/ExceptionRenderer.php, line 187
ErrorHandler::handleException() - CORE/Cake/Error/ErrorHandler.php, line 127
[main] - [internal], line ??

2015-04-03 06:05:00 Notice: Notice (8): Undefined variable: message in [/home/pickmeals/public_html/live/app/View/Errors/error404.ctp, line 1]
Trace:
include - APP/View/Errors/error404.ctp, line 1
View::_evaluate() - CORE/Cake/View/View.php, line 961
View::_render() - CORE/Cake/View/View.php, line 923
View::render() - CORE/Cake/View/View.php, line 473
Controller::render() - CORE/Cake/Controller/Controller.php, line 960
AppExceptionRenderer::notFound() - APP/Lib/Error/AppExceptionRenderer.php, line 25
AppExceptionRenderer::missingController() - APP/Lib/Error/AppExceptionRenderer.php, line 81
ExceptionRenderer::render() - CORE/Cake/Error/ExceptionRenderer.php, line 187
ErrorHandler::handleException() - CORE/Cake/Error/ErrorHandler.php, line 127
[main] - [internal], line ??

2015-04-03 06:05:00 Notice: Notice (8): Undefined variable: url in [/home/pickmeals/public_html/live/app/View/Errors/error404.ctp, line 6]
Trace:
include - APP/View/Errors/error404.ctp, line 6
View::_evaluate() - CORE/Cake/View/View.php, line 961
View::_render() - CORE/Cake/View/View.php, line 923
View::render() - CORE/Cake/View/View.php, line 473
Controller::render() - CORE/Cake/Controller/Controller.php, line 960
AppExceptionRenderer::notFound() - APP/Lib/Error/AppExceptionRenderer.php, line 25
AppExceptionRenderer::missingController() - APP/Lib/Error/AppExceptionRenderer.php, line 81
ExceptionRenderer::render() - CORE/Cake/Error/ExceptionRenderer.php, line 187
ErrorHandler::handleException() - CORE/Cake/Error/ErrorHandler.php, line 127
[main] - [internal], line ??

2015-04-03 06:20:21 Notice: Notice (8): Undefined variable: message in [/home/pickmeals/public_html/live/app/View/Errors/error404.ctp, line 1]
Trace:
include - APP/View/Errors/error404.ctp, line 1
View::_evaluate() - CORE/Cake/View/View.php, line 961
View::_render() - CORE/Cake/View/View.php, line 923
View::render() - CORE/Cake/View/View.php, line 473
Controller::render() - CORE/Cake/Controller/Controller.php, line 960
AppExceptionRenderer::notFound() - APP/Lib/Error/AppExceptionRenderer.php, line 25
AppExceptionRenderer::missingController() - APP/Lib/Error/AppExceptionRenderer.php, line 81
ExceptionRenderer::render() - CORE/Cake/Error/ExceptionRenderer.php, line 187
ErrorHandler::handleException() - CORE/Cake/Error/ErrorHandler.php, line 127
[main] - [internal], line ??

2015-04-03 06:20:21 Notice: Notice (8): Undefined variable: url in [/home/pickmeals/public_html/live/app/View/Errors/error404.ctp, line 6]
Trace:
include - APP/View/Errors/error404.ctp, line 6
View::_evaluate() - CORE/Cake/View/View.php, line 961
View::_render() - CORE/Cake/View/View.php, line 923
View::render() - CORE/Cake/View/View.php, line 473
Controller::render() - CORE/Cake/Controller/Controller.php, line 960
AppExceptionRenderer::notFound() - APP/Lib/Error/AppExceptionRenderer.php, line 25
AppExceptionRenderer::missingController() - APP/Lib/Error/AppExceptionRenderer.php, line 81
ExceptionRenderer::render() - CORE/Cake/Error/ExceptionRenderer.php, line 187
ErrorHandler::handleException() - CORE/Cake/Error/ErrorHandler.php, line 127
[main] - [internal], line ??

